<?xml version="1.0" encoding="UTF-8"?>
<testng-results ignored="0" total="9" passed="9" failed="0" skipped="0">
  <reporter-output>
  </reporter-output>
  <suite started-at="2023-11-30T22:38:42 IST" name="Loan Department" finished-at="2023-11-30T22:38:43 IST" duration-ms="161">
    <groups>
    </groups>
    <test started-at="2023-11-30T22:38:42 IST" name="Personal loan" finished-at="2023-11-30T22:38:43 IST" duration-ms="161">
      <class name="test.Day1">
        <test-method signature="Demo()[pri:0, instance:test.Day1@3738449f]" started-at="2023-11-30T22:38:42 IST" name="Demo" finished-at="2023-11-30T22:38:42 IST" duration-ms="20" status="PASS">
          <reporter-output>
          </reporter-output>
        </test-method> <!-- Demo -->
        <test-method signature="secondtest()[pri:0, instance:test.Day1@3738449f]" started-at="2023-11-30T22:38:42 IST" name="secondtest" finished-at="2023-11-30T22:38:42 IST" duration-ms="3" status="PASS">
          <reporter-output>
          </reporter-output>
        </test-method> <!-- secondtest -->
      </class> <!-- test.Day1 -->
      <class name="test.Day2">
        <test-method signature="ploan()[pri:0, instance:test.Day2@4e096385]" started-at="2023-11-30T22:38:42 IST" name="ploan" finished-at="2023-11-30T22:38:42 IST" duration-ms="3" status="PASS">
          <reporter-output>
          </reporter-output>
        </test-method> <!-- ploan -->
      </class> <!-- test.Day2 -->
      <class name="test.Day3">
        <test-method signature="Apilogincar()[pri:0, instance:test.Day3@649bec2e]" started-at="2023-11-30T22:38:42 IST" name="Apilogincar" finished-at="2023-11-30T22:38:42 IST" duration-ms="3" status="PASS">
          <reporter-output>
          </reporter-output>
        </test-method> <!-- Apilogincar -->
        <test-method signature="Mobilelogincar()[pri:0, instance:test.Day3@649bec2e]" started-at="2023-11-30T22:38:42 IST" name="Mobilelogincar" finished-at="2023-11-30T22:38:42 IST" duration-ms="4" status="PASS">
          <reporter-output>
          </reporter-output>
        </test-method> <!-- Mobilelogincar -->
        <test-method signature="weblogincar()[pri:0, instance:test.Day3@649bec2e]" started-at="2023-11-30T22:38:42 IST" name="weblogincar" finished-at="2023-11-30T22:38:42 IST" duration-ms="10" status="PASS">
          <reporter-output>
          </reporter-output>
        </test-method> <!-- weblogincar -->
      </class> <!-- test.Day3 -->
      <class name="test.Day4">
        <test-method signature="ApiloginHome()[pri:0, instance:test.Day4@31e5415e]" started-at="2023-11-30T22:38:43 IST" name="ApiloginHome" finished-at="2023-11-30T22:38:43 IST" duration-ms="1" status="PASS">
          <reporter-output>
          </reporter-output>
        </test-method> <!-- ApiloginHome -->
        <test-method signature="MobileloginHome()[pri:0, instance:test.Day4@31e5415e]" started-at="2023-11-30T22:38:43 IST" name="MobileloginHome" finished-at="2023-11-30T22:38:43 IST" duration-ms="2" status="PASS">
          <reporter-output>
          </reporter-output>
        </test-method> <!-- MobileloginHome -->
        <test-method signature="webloginhome()[pri:0, instance:test.Day4@31e5415e]" started-at="2023-11-30T22:38:43 IST" name="webloginhome" finished-at="2023-11-30T22:38:43 IST" duration-ms="1" status="PASS">
          <reporter-output>
          </reporter-output>
        </test-method> <!-- webloginhome -->
      </class> <!-- test.Day4 -->
    </test> <!-- Personal loan -->
  </suite> <!-- Loan Department -->
</testng-results>
