<?xml version="1.0" encoding="UTF-8"?>
<!-- Generated by org.testng.reporters.JUnitXMLReporter -->
<testsuite ignored="1" hostname="DESKTOP-88QP37I" failures="0" tests="2" name="car loan" time="0.01" errors="0" timestamp="2023-11-30T21:22:20 IST">
  <testcase classname="test.Day3" name="Apilogincar" time="0.002"/>
  <testcase classname="test.Day3" name="weblogincar" time="0.001"/>
  <testcase classname="test.Day3" name="Mobilelogincar" time="0.0">
    <ignored/>
  </testcase> <!-- Mobilelogincar -->
</testsuite> <!-- car loan -->
