<?xml version="1.0" encoding="UTF-8"?>
<!-- Generated by org.testng.reporters.JUnitXMLReporter -->
<testsuite ignored="0" hostname="DESKTOP-88QP37I" failures="0" tests="9" name="Personal loan" time="0.161" errors="0" timestamp="2023-11-30T22:38:43 IST">
  <testcase classname="test.Day1" name="Demo" time="0.02"/>
  <testcase classname="test.Day1" name="secondtest" time="0.003"/>
  <testcase classname="test.Day2" name="ploan" time="0.003"/>
  <testcase classname="test.Day3" name="Apilogincar" time="0.003"/>
  <testcase classname="test.Day3" name="Mobilelogincar" time="0.004"/>
  <testcase classname="test.Day3" name="weblogincar" time="0.01"/>
  <testcase classname="test.Day4" name="ApiloginHome" time="0.001"/>
  <testcase classname="test.Day4" name="MobileloginHome" time="0.002"/>
  <testcase classname="test.Day4" name="webloginhome" time="0.001"/>
</testsuite> <!-- Personal loan -->
