<?xml version="1.0" encoding="UTF-8"?>
<testng-results ignored="0" total="2" passed="2" failed="0" skipped="0">
  <reporter-output>
  </reporter-output>
  <suite started-at="2023-12-08T20:25:35 IST" name="Default suite" finished-at="2023-12-08T20:25:35 IST" duration-ms="90">
    <groups>
    </groups>
    <test started-at="2023-12-08T20:25:35 IST" name="Default test" finished-at="2023-12-08T20:25:35 IST" duration-ms="90">
      <class name="test1.Day">
        <test-method is-config="true" signature="firstmethod()[pri:0, instance:test1.Day@1eb5174b]" started-at="2023-12-08T20:25:35 IST" name="firstmethod" finished-at="2023-12-08T20:25:35 IST" duration-ms="7" status="PASS">
          <reporter-output>
          </reporter-output>
        </test-method> <!-- firstmethod -->
        <test-method signature="carloan()[pri:0, instance:test1.Day@1eb5174b]" started-at="2023-12-08T20:25:35 IST" name="carloan" finished-at="2023-12-08T20:25:35 IST" duration-ms="9" status="PASS">
          <reporter-output>
          </reporter-output>
        </test-method> <!-- carloan -->
        <test-method is-config="true" signature="secondmethod()[pri:0, instance:test1.Day@1eb5174b]" started-at="2023-12-08T20:25:35 IST" name="secondmethod" finished-at="2023-12-08T20:25:35 IST" duration-ms="1" status="PASS">
          <reporter-output>
          </reporter-output>
        </test-method> <!-- secondmethod -->
        <test-method is-config="true" signature="firstmethod()[pri:0, instance:test1.Day@1eb5174b]" started-at="2023-12-08T20:25:35 IST" name="firstmethod" finished-at="2023-12-08T20:25:35 IST" duration-ms="0" status="PASS">
          <reporter-output>
          </reporter-output>
        </test-method> <!-- firstmethod -->
        <test-method signature="loan()[pri:0, instance:test1.Day@1eb5174b]" started-at="2023-12-08T20:25:35 IST" name="loan" finished-at="2023-12-08T20:25:35 IST" duration-ms="3" status="PASS">
          <reporter-output>
          </reporter-output>
        </test-method> <!-- loan -->
        <test-method is-config="true" signature="secondmethod()[pri:0, instance:test1.Day@1eb5174b]" started-at="2023-12-08T20:25:35 IST" name="secondmethod" finished-at="2023-12-08T20:25:35 IST" duration-ms="1" status="PASS">
          <reporter-output>
          </reporter-output>
        </test-method> <!-- secondmethod -->
      </class> <!-- test1.Day -->
    </test> <!-- Default test -->
  </suite> <!-- Default suite -->
</testng-results>
