<?xml version="1.0" encoding="UTF-8"?>
<testng-results ignored="0" total="1" passed="1" failed="0" skipped="0">
  <reporter-output>
    <line>
      <![CDATA[Multiplication results::9629568]]>
    </line>
  </reporter-output>
  <suite started-at="2023-06-22T23:27:18 IST" name="Default suite" finished-at="2023-06-22T23:27:33 IST" duration-ms="14433">
    <groups>
    </groups>
    <test started-at="2023-06-22T23:27:18 IST" name="Default test" finished-at="2023-06-22T23:27:33 IST" duration-ms="14433">
      <class name="day6.NewTest">
        <test-method signature="division()[pri:0, instance:day6.NewTest@1c7696c6]" started-at="2023-06-22T23:27:18 IST" name="division" finished-at="2023-06-22T23:27:33 IST" duration-ms="14356" status="PASS">
          <reporter-output>
            <line>
              <![CDATA[Multiplication results::9629568]]>
            </line>
          </reporter-output>
        </test-method> <!-- division -->
      </class> <!-- day6.NewTest -->
    </test> <!-- Default test -->
  </suite> <!-- Default suite -->
</testng-results>
